11:41 INFO  n.f.exetimer.ExecutionTimer - 실행시간 =2 	실행 메서드 = dataParser
11:41 INFO  n.f.exetimer.ExecutionTimer - 실행시간 =1 	실행 메서드 = basicTariffRepository
11:41 INFO  n.f.exetimer.ExecutionTimer - 실행시간 =3 	실행 메서드 = jsonTariffRepository
11:41 INFO  n.f.exetimer.ExecutionTimer - 실행시간 =0 	실행 메서드 = basicWaterUsageChargers
11:41 INFO  n.f.exetimer.ExecutionTimer - 실행시간 =1 	실행 메서드 = basicResultReport
11:46 INFO  n.f.exetimer.ExecutionTimer - 실행시간 =1 	실행 메서드 = dataParser
11:46 INFO  n.f.exetimer.ExecutionTimer - 실행시간 =0 	실행 메서드 = basicTariffRepository
11:46 INFO  n.f.exetimer.ExecutionTimer - 실행시간 =4 	실행 메서드 = jsonTariffRepository
11:46 INFO  n.f.exetimer.ExecutionTimer - 실행시간 =0 	실행 메서드 = basicWaterUsageChargers
11:46 INFO  n.f.exetimer.ExecutionTimer - 실행시간 =2 	실행 메서드 = basicResultReport
11:48 INFO  n.f.exetimer.ExecutionTimer - 실행시간 =2 	실행 메서드 = dataParser
11:48 INFO  n.f.exetimer.ExecutionTimer - 실행시간 =0 	실행 메서드 = basicTariffRepository
11:48 INFO  n.f.exetimer.ExecutionTimer - 실행시간 =2 	실행 메서드 = jsonTariffRepository
11:48 INFO  n.f.exetimer.ExecutionTimer - 실행시간 =0 	실행 메서드 = basicWaterUsageChargers
11:48 INFO  n.f.exetimer.ExecutionTimer - 실행시간 =1 	실행 메서드 = basicResultReport
11:48 INFO  n.f.exetimer.ExecutionTimer - 실행시간 =1 	실행 메서드 = dataParser
11:48 INFO  n.f.exetimer.ExecutionTimer - 실행시간 =0 	실행 메서드 = basicTariffRepository
11:48 INFO  n.f.exetimer.ExecutionTimer - 실행시간 =4 	실행 메서드 = jsonTariffRepository
11:48 INFO  n.f.exetimer.ExecutionTimer - 실행시간 =0 	실행 메서드 = basicWaterUsageChargers
11:48 INFO  n.f.exetimer.ExecutionTimer - 실행시간 =2 	실행 메서드 = basicResultReport
11:52 INFO  n.f.exetimer.ExecutionTimer - 실행시간 =1 	실행 메서드 = dataParser
11:52 INFO  n.f.exetimer.ExecutionTimer - 실행시간 =0 	실행 메서드 = basicTariffRepository
11:52 INFO  n.f.exetimer.ExecutionTimer - 실행시간 =2 	실행 메서드 = jsonTariffRepository
11:52 INFO  n.f.exetimer.ExecutionTimer - 실행시간 =0 	실행 메서드 = basicWaterUsageChargers
11:52 INFO  n.f.exetimer.ExecutionTimer - 실행시간 =1 	실행 메서드 = basicResultReport
11:53 INFO  n.f.exetimer.ExecutionTimer - 실행시간 =1 	실행 메서드 = dataParser
11:53 INFO  n.f.exetimer.ExecutionTimer - 실행시간 =0 	실행 메서드 = basicTariffRepository
11:53 INFO  n.f.exetimer.ExecutionTimer - 실행시간 =3 	실행 메서드 = jsonTariffRepository
11:53 INFO  n.f.exetimer.ExecutionTimer - 실행시간 =0 	실행 메서드 = basicWaterUsageChargers
11:53 INFO  n.f.exetimer.ExecutionTimer - 실행시간 =1 	실행 메서드 = basicResultReport
12:19 INFO  n.f.exetimer.ExecutionTimer - 실행시간 =1 	실행 메서드 = dataParser
12:19 INFO  n.f.exetimer.ExecutionTimer - 실행시간 =5 	실행 메서드 = TariffRepository
12:19 INFO  n.f.exetimer.ExecutionTimer - 실행시간 =0 	실행 메서드 = waterUsageChargesService
12:19 INFO  n.f.exetimer.ExecutionTimer - 실행시간 =0 	실행 메서드 = basicWaterUsageChargers
12:19 INFO  n.f.exetimer.ExecutionTimer - 실행시간 =1 	실행 메서드 = basicResultReport
12:20 INFO  n.f.exetimer.ExecutionTimer - 실행시간 =2 	실행 메서드 = dataParser
12:20 INFO  n.f.exetimer.ExecutionTimer - 실행시간 =4 	실행 메서드 = TariffRepository
12:20 INFO  n.f.exetimer.ExecutionTimer - 실행시간 =0 	실행 메서드 = waterUsageChargesService
12:20 INFO  n.f.exetimer.ExecutionTimer - 실행시간 =0 	실행 메서드 = basicWaterUsageChargers
12:20 INFO  n.f.exetimer.ExecutionTimer - 실행시간 =1 	실행 메서드 = basicResultReport
