02:52 WARN  o.s.c.a.AnnotationConfigApplicationContext - Exception encountered during context initialization - cancelling refresh attempt: org.springframework.beans.factory.BeanCreationException: Error creating bean with name 'javaConfig': Initialization of bean failed; nested exception is java.lang.IllegalArgumentException: error Type referred to is not an annotation type: com$nhnacademy$edu$springframework$project$exetimer$ExeTimer
02:52 WARN  o.s.c.a.AnnotationConfigApplicationContext - Exception encountered during context initialization - cancelling refresh attempt: org.springframework.beans.factory.BeanCreationException: Error creating bean with name 'javaConfig': Initialization of bean failed; nested exception is java.lang.IllegalArgumentException: error Type referred to is not an annotation type: com$nhnacademy$edu$springframework$project$exetimer$ExeTimer
04:22 WARN  o.s.c.a.AnnotationConfigApplicationContext - Exception encountered during context initialization - cancelling refresh attempt: org.springframework.beans.factory.BeanCreationException: Error creating bean with name 'javaConfig': Initialization of bean failed; nested exception is java.lang.IllegalArgumentException: error Type referred to is not an annotation type: com$nhnacademy$edu$springframework$project$exetimer$ExeTimer
04:23 INFO  n.f.exetimer.ExecutionTimer - 실행시간 =2 	실행 메서드 = dataParser
04:23 INFO  n.f.exetimer.ExecutionTimer - 실행시간 =1 	실행 메서드 = basicTariffRepository
04:23 INFO  n.f.exetimer.ExecutionTimer - 실행시간 =0 	실행 메서드 = basicWaterUsageChargers
04:23 INFO  n.f.exetimer.ExecutionTimer - 실행시간 =2 	실행 메서드 = basicResultReport
04:33 INFO  n.f.exetimer.ExecutionTimer - 실행시간 =2 	실행 메서드 = dataParser
04:33 INFO  n.f.exetimer.ExecutionTimer - 실행시간 =0 	실행 메서드 = basicTariffRepository
04:33 INFO  n.f.exetimer.ExecutionTimer - 실행시간 =4 	실행 메서드 = basicWaterUsageChargers
04:33 INFO  n.f.exetimer.ExecutionTimer - 실행시간 =1 	실행 메서드 = basicResultReport
04:52 INFO  n.f.exetimer.ExecutionTimer - 실행시간 =2 	실행 메서드 = dataParser
04:52 INFO  n.f.exetimer.ExecutionTimer - 실행시간 =0 	실행 메서드 = basicTariffRepository
04:52 INFO  n.f.exetimer.ExecutionTimer - 실행시간 =0 	실행 메서드 = basicWaterUsageChargers
04:52 INFO  n.f.exetimer.ExecutionTimer - 실행시간 =3 	실행 메서드 = basicResultReport
04:52 INFO  n.f.exetimer.ExecutionTimer - 실행시간 =2 	실행 메서드 = dataParser
04:52 INFO  n.f.exetimer.ExecutionTimer - 실행시간 =0 	실행 메서드 = basicTariffRepository
04:52 INFO  n.f.exetimer.ExecutionTimer - 실행시간 =0 	실행 메서드 = basicWaterUsageChargers
04:52 INFO  n.f.exetimer.ExecutionTimer - 실행시간 =1 	실행 메서드 = basicResultReport
05:16 INFO  n.f.exetimer.ExecutionTimer - 실행시간 =1 	실행 메서드 = dataParser
05:16 INFO  n.f.exetimer.ExecutionTimer - 실행시간 =1 	실행 메서드 = basicTariffRepository
05:16 INFO  n.f.exetimer.ExecutionTimer - 실행시간 =0 	실행 메서드 = basicWaterUsageChargers
05:16 INFO  n.f.exetimer.ExecutionTimer - 실행시간 =2 	실행 메서드 = basicResultReport
05:29 INFO  n.f.exetimer.ExecutionTimer - 실행시간 =1 	실행 메서드 = dataParser
05:29 INFO  n.f.exetimer.ExecutionTimer - 실행시간 =0 	실행 메서드 = basicTariffRepository
05:29 INFO  n.f.exetimer.ExecutionTimer - 실행시간 =0 	실행 메서드 = basicWaterUsageChargers
05:29 INFO  n.f.exetimer.ExecutionTimer - 실행시간 =2 	실행 메서드 = basicResultReport
05:33 INFO  n.f.exetimer.ExecutionTimer - 실행시간 =2 	실행 메서드 = dataParser
05:33 INFO  n.f.exetimer.ExecutionTimer - 실행시간 =0 	실행 메서드 = basicTariffRepository
05:33 INFO  n.f.exetimer.ExecutionTimer - 실행시간 =0 	실행 메서드 = basicWaterUsageChargers
05:33 INFO  n.f.exetimer.ExecutionTimer - 실행시간 =2 	실행 메서드 = basicResultReport
05:38 INFO  n.f.exetimer.ExecutionTimer - 실행시간 =1 	실행 메서드 = dataParser
05:38 INFO  n.f.exetimer.ExecutionTimer - 실행시간 =1 	실행 메서드 = basicTariffRepository
05:38 INFO  n.f.exetimer.ExecutionTimer - 실행시간 =0 	실행 메서드 = basicWaterUsageChargers
05:38 INFO  n.f.exetimer.ExecutionTimer - 실행시간 =2 	실행 메서드 = basicResultReport
